Determining if the std::identity exist failed with the following output:
Change Dir: /home/anne/Masterarbeit/duneuro/build-release/test_localized_subtraction_eeg/CMakeFiles/CMakeTmp

Run Build Command(s):/usr/bin/gmake -f Makefile cmTC_aab24/fast && /usr/bin/gmake  -f CMakeFiles/cmTC_aab24.dir/build.make CMakeFiles/cmTC_aab24.dir/build
gmake[1]: Entering directory '/home/anne/Masterarbeit/duneuro/build-release/test_localized_subtraction_eeg/CMakeFiles/CMakeTmp'
Building CXX object CMakeFiles/cmTC_aab24.dir/CheckSymbolExists.cxx.o
/usr/bin/g++-9   -std=c++17 -O3 -std=c++17 -march=native  -fPIE -o CMakeFiles/cmTC_aab24.dir/CheckSymbolExists.cxx.o -c /home/anne/Masterarbeit/duneuro/build-release/test_localized_subtraction_eeg/CMakeFiles/CMakeTmp/CheckSymbolExists.cxx
/home/anne/Masterarbeit/duneuro/build-release/test_localized_subtraction_eeg/CMakeFiles/CMakeTmp/CheckSymbolExists.cxx: In function ‘int main(int, char**)’:
/home/anne/Masterarbeit/duneuro/build-release/test_localized_subtraction_eeg/CMakeFiles/CMakeTmp/CheckSymbolExists.cxx:7:24: error: ‘identity’ is not a member of ‘std’
    7 |   return ((int*)(&std::identity))[argc];
      |                        ^~~~~~~~
gmake[1]: *** [CMakeFiles/cmTC_aab24.dir/build.make:78: CMakeFiles/cmTC_aab24.dir/CheckSymbolExists.cxx.o] Error 1
gmake[1]: Leaving directory '/home/anne/Masterarbeit/duneuro/build-release/test_localized_subtraction_eeg/CMakeFiles/CMakeTmp'
gmake: *** [Makefile:127: cmTC_aab24/fast] Error 2


File /home/anne/Masterarbeit/duneuro/build-release/test_localized_subtraction_eeg/CMakeFiles/CMakeTmp/CheckSymbolExists.cxx:
/* */
#include <functional>

int main(int argc, char** argv)
{
  (void)argv;
  return ((int*)(&std::identity))[argc];
}
Determining if the function sgemm_ exists failed with the following output:
Change Dir: /home/anne/Masterarbeit/duneuro/build-release/test_localized_subtraction_eeg/CMakeFiles/CMakeTmp

Run Build Command(s):/usr/bin/gmake -f Makefile cmTC_ada0f/fast && /usr/bin/gmake  -f CMakeFiles/cmTC_ada0f.dir/build.make CMakeFiles/cmTC_ada0f.dir/build
gmake[1]: Entering directory '/home/anne/Masterarbeit/duneuro/build-release/test_localized_subtraction_eeg/CMakeFiles/CMakeTmp'
Building C object CMakeFiles/cmTC_ada0f.dir/CheckFunctionExists.c.o
/usr/bin/gcc   -DCHECK_FUNCTION_EXISTS=sgemm_ -fPIE -o CMakeFiles/cmTC_ada0f.dir/CheckFunctionExists.c.o -c /usr/share/cmake-3.22/Modules/CheckFunctionExists.c
Linking C executable cmTC_ada0f
/usr/bin/cmake -E cmake_link_script CMakeFiles/cmTC_ada0f.dir/link.txt --verbose=1
/usr/bin/gcc  -DCHECK_FUNCTION_EXISTS=sgemm_ CMakeFiles/cmTC_ada0f.dir/CheckFunctionExists.c.o -o cmTC_ada0f 
/usr/bin/ld: CMakeFiles/cmTC_ada0f.dir/CheckFunctionExists.c.o: in function `main':
CheckFunctionExists.c:(.text+0x14): undefined reference to `sgemm_'
collect2: error: ld returned 1 exit status
gmake[1]: *** [CMakeFiles/cmTC_ada0f.dir/build.make:99: cmTC_ada0f] Error 1
gmake[1]: Leaving directory '/home/anne/Masterarbeit/duneuro/build-release/test_localized_subtraction_eeg/CMakeFiles/CMakeTmp'
gmake: *** [Makefile:127: cmTC_ada0f/fast] Error 2



Determining if the function cheev_ exists failed with the following output:
Change Dir: /home/anne/Masterarbeit/duneuro/build-release/test_localized_subtraction_eeg/CMakeFiles/CMakeTmp

Run Build Command(s):/usr/bin/gmake -f Makefile cmTC_34a9a/fast && /usr/bin/gmake  -f CMakeFiles/cmTC_34a9a.dir/build.make CMakeFiles/cmTC_34a9a.dir/build
gmake[1]: Entering directory '/home/anne/Masterarbeit/duneuro/build-release/test_localized_subtraction_eeg/CMakeFiles/CMakeTmp'
Building C object CMakeFiles/cmTC_34a9a.dir/CheckFunctionExists.c.o
/usr/bin/gcc   -DCHECK_FUNCTION_EXISTS=cheev_ -fPIE -o CMakeFiles/cmTC_34a9a.dir/CheckFunctionExists.c.o -c /usr/share/cmake-3.22/Modules/CheckFunctionExists.c
Linking C executable cmTC_34a9a
/usr/bin/cmake -E cmake_link_script CMakeFiles/cmTC_34a9a.dir/link.txt --verbose=1
/usr/bin/gcc  -DCHECK_FUNCTION_EXISTS=cheev_ CMakeFiles/cmTC_34a9a.dir/CheckFunctionExists.c.o -o cmTC_34a9a  /usr/lib/x86_64-linux-gnu/libblas.so -lm -ldl 
/usr/bin/ld: CMakeFiles/cmTC_34a9a.dir/CheckFunctionExists.c.o: in function `main':
CheckFunctionExists.c:(.text+0x14): undefined reference to `cheev_'
collect2: error: ld returned 1 exit status
gmake[1]: *** [CMakeFiles/cmTC_34a9a.dir/build.make:100: cmTC_34a9a] Error 1
gmake[1]: Leaving directory '/home/anne/Masterarbeit/duneuro/build-release/test_localized_subtraction_eeg/CMakeFiles/CMakeTmp'
gmake: *** [Makefile:127: cmTC_34a9a/fast] Error 2



Determining if the function cheev_ exists failed with the following output:
Change Dir: /home/anne/Masterarbeit/duneuro/build-release/test_localized_subtraction_eeg/CMakeFiles/CMakeTmp

Run Build Command(s):/usr/bin/gmake -f Makefile cmTC_23166/fast && /usr/bin/gmake  -f CMakeFiles/cmTC_23166.dir/build.make CMakeFiles/cmTC_23166.dir/build
gmake[1]: Entering directory '/home/anne/Masterarbeit/duneuro/build-release/test_localized_subtraction_eeg/CMakeFiles/CMakeTmp'
Building C object CMakeFiles/cmTC_23166.dir/CheckFunctionExists.c.o
/usr/bin/gcc   -DCHECK_FUNCTION_EXISTS=cheev_ -fPIE -o CMakeFiles/cmTC_23166.dir/CheckFunctionExists.c.o -c /usr/share/cmake-3.22/Modules/CheckFunctionExists.c
Linking C executable cmTC_23166
/usr/bin/cmake -E cmake_link_script CMakeFiles/cmTC_23166.dir/link.txt --verbose=1
/usr/bin/gcc  -DCHECK_FUNCTION_EXISTS=cheev_ CMakeFiles/cmTC_23166.dir/CheckFunctionExists.c.o -o cmTC_23166  /usr/lib/x86_64-linux-gnu/liblapack.so /usr/lib/x86_64-linux-gnu/libblas.so -fortranlibs 
gcc: error: unrecognized command-line option ‘-fortranlibs’
gmake[1]: *** [CMakeFiles/cmTC_23166.dir/build.make:101: cmTC_23166] Error 1
gmake[1]: Leaving directory '/home/anne/Masterarbeit/duneuro/build-release/test_localized_subtraction_eeg/CMakeFiles/CMakeTmp'
gmake: *** [Makefile:127: cmTC_23166/fast] Error 2



Determing location of ARPACK++ failed:
Include directory: 
Libraries to link against: 

Determining if files sion.h exist failed with the following output:
Change Dir: /home/anne/Masterarbeit/duneuro/build-release/test_localized_subtraction_eeg/CMakeFiles/CMakeTmp

Run Build Command(s):/usr/bin/gmake -f Makefile cmTC_54a02/fast && /usr/bin/gmake  -f CMakeFiles/cmTC_54a02.dir/build.make CMakeFiles/cmTC_54a02.dir/build
gmake[1]: Entering directory '/home/anne/Masterarbeit/duneuro/build-release/test_localized_subtraction_eeg/CMakeFiles/CMakeTmp'
Building C object CMakeFiles/cmTC_54a02.dir/SIONLIB_HEADER_USABLE.c.o
/usr/bin/gcc   -fPIE     -DENABLE_SIONLIB -o CMakeFiles/cmTC_54a02.dir/SIONLIB_HEADER_USABLE.c.o -c /home/anne/Masterarbeit/duneuro/build-release/test_localized_subtraction_eeg/CMakeFiles/CheckIncludeFiles/SIONLIB_HEADER_USABLE.c
/home/anne/Masterarbeit/duneuro/build-release/test_localized_subtraction_eeg/CMakeFiles/CheckIncludeFiles/SIONLIB_HEADER_USABLE.c:2:10: fatal error: sion.h: No such file or directory
    2 | #include <sion.h>
      |          ^~~~~~~~
compilation terminated.
gmake[1]: *** [CMakeFiles/cmTC_54a02.dir/build.make:78: CMakeFiles/cmTC_54a02.dir/SIONLIB_HEADER_USABLE.c.o] Error 1
gmake[1]: Leaving directory '/home/anne/Masterarbeit/duneuro/build-release/test_localized_subtraction_eeg/CMakeFiles/CMakeTmp'
gmake: *** [Makefile:127: cmTC_54a02/fast] Error 2


Source:
/* */
#include <sion.h>


int main(void){return 0;}

Determing location of SIONLIB failed:
Include directory: 
Library directory: 

Performing C++ SOURCE FILE Test DUNE_CV_PTHREAD_TLS_COMPILES failed with the following output:
Change Dir: /home/anne/Masterarbeit/duneuro/build-release/test_localized_subtraction_eeg/CMakeFiles/CMakeTmp

Run Build Command(s):/usr/bin/gmake -f Makefile cmTC_0f0a2/fast && /usr/bin/gmake  -f CMakeFiles/cmTC_0f0a2.dir/build.make CMakeFiles/cmTC_0f0a2.dir/build
gmake[1]: Entering directory '/home/anne/Masterarbeit/duneuro/build-release/test_localized_subtraction_eeg/CMakeFiles/CMakeTmp'
Building CXX object CMakeFiles/cmTC_0f0a2.dir/src.cxx.o
/usr/bin/g++-9 -DDUNE_CV_PTHREAD_TLS_COMPILES  -std=c++17 -O3 -std=c++17 -march=native   -fPIE -o CMakeFiles/cmTC_0f0a2.dir/src.cxx.o -c /home/anne/Masterarbeit/duneuro/build-release/test_localized_subtraction_eeg/CMakeFiles/CMakeTmp/src.cxx
/home/anne/Masterarbeit/duneuro/build-release/test_localized_subtraction_eeg/CMakeFiles/CMakeTmp/src.cxx:1:1: error: ‘include’ does not name a type
    1 | include <pthread.h>
      | ^~~~~~~
/home/anne/Masterarbeit/duneuro/build-release/test_localized_subtraction_eeg/CMakeFiles/CMakeTmp/src.cxx:7:42: error: ‘maxThreads’ was not declared in this scope
    7 |                 static int threadnumber[ maxThreads ];
      |                                          ^~~~~~~~~~
/home/anne/Masterarbeit/duneuro/build-release/test_localized_subtraction_eeg/CMakeFiles/CMakeTmp/src.cxx:8:17: error: ‘pthread_barrier_t’ does not name a type
    8 |                 pthread_barrier_t barrier;
      |                 ^~~~~~~~~~~~~~~~~
/home/anne/Masterarbeit/duneuro/build-release/test_localized_subtraction_eeg/CMakeFiles/CMakeTmp/src.cxx: In function ‘void* setThreadNumber(void*)’:
/home/anne/Masterarbeit/duneuro/build-release/test_localized_subtraction_eeg/CMakeFiles/CMakeTmp/src.cxx:13:19: error: ‘threadnumber’ was not declared in this scope; did you mean ‘threadNumber’?
   13 |                   threadnumber[ num ] = threadNumber ();
      |                   ^~~~~~~~~~~~
      |                   threadNumber
/home/anne/Masterarbeit/duneuro/build-release/test_localized_subtraction_eeg/CMakeFiles/CMakeTmp/src.cxx:14:42: error: ‘barrier’ was not declared in this scope
   14 |                   pthread_barrier_wait( &barrier );
      |                                          ^~~~~~~
/home/anne/Masterarbeit/duneuro/build-release/test_localized_subtraction_eeg/CMakeFiles/CMakeTmp/src.cxx:14:19: error: ‘pthread_barrier_wait’ was not declared in this scope
   14 |                   pthread_barrier_wait( &barrier );
      |                   ^~~~~~~~~~~~~~~~~~~~
/home/anne/Masterarbeit/duneuro/build-release/test_localized_subtraction_eeg/CMakeFiles/CMakeTmp/src.cxx: In function ‘int main()’:
/home/anne/Masterarbeit/duneuro/build-release/test_localized_subtraction_eeg/CMakeFiles/CMakeTmp/src.cxx:18:19: error: ‘pthread_t’ was not declared in this scope
   18 |                   pthread_t thread[ maxThreads ];
      |                   ^~~~~~~~~
/home/anne/Masterarbeit/duneuro/build-release/test_localized_subtraction_eeg/CMakeFiles/CMakeTmp/src.cxx:19:28: error: ‘maxThreads’ was not declared in this scope
   19 |                   int num[ maxThreads ];
      |                            ^~~~~~~~~~
/home/anne/Masterarbeit/duneuro/build-release/test_localized_subtraction_eeg/CMakeFiles/CMakeTmp/src.cxx:22:21: error: ‘num’ was not declared in this scope; did you mean ‘enum’?
   22 |                     num[ i ] = i;
      |                     ^~~
      |                     enum
/home/anne/Masterarbeit/duneuro/build-release/test_localized_subtraction_eeg/CMakeFiles/CMakeTmp/src.cxx:23:21: error: ‘threadnumber’ was not declared in this scope; did you mean ‘threadNumber’?
   23 |                     threadnumber[ i ] = -1;
      |                     ^~~~~~~~~~~~
      |                     threadNumber
/home/anne/Masterarbeit/duneuro/build-release/test_localized_subtraction_eeg/CMakeFiles/CMakeTmp/src.cxx:25:42: error: ‘barrier’ was not declared in this scope
   25 |                   pthread_barrier_init( &barrier, 0, maxThreads );
      |                                          ^~~~~~~
/home/anne/Masterarbeit/duneuro/build-release/test_localized_subtraction_eeg/CMakeFiles/CMakeTmp/src.cxx:25:19: error: ‘pthread_barrier_init’ was not declared in this scope
   25 |                   pthread_barrier_init( &barrier, 0, maxThreads );
      |                   ^~~~~~~~~~~~~~~~~~~~
/home/anne/Masterarbeit/duneuro/build-release/test_localized_subtraction_eeg/CMakeFiles/CMakeTmp/src.cxx:27:38: error: ‘thread’ was not declared in this scope
   27 |                     pthread_create (&thread[ i ], 0, &setThreadNumber, (void *) &num[ i ]);
      |                                      ^~~~~~
/home/anne/Masterarbeit/duneuro/build-release/test_localized_subtraction_eeg/CMakeFiles/CMakeTmp/src.cxx:27:82: error: ‘num’ was not declared in this scope; did you mean ‘enum’?
   27 |                     pthread_create (&thread[ i ], 0, &setThreadNumber, (void *) &num[ i ]);
      |                                                                                  ^~~
      |                                                                                  enum
/home/anne/Masterarbeit/duneuro/build-release/test_localized_subtraction_eeg/CMakeFiles/CMakeTmp/src.cxx:27:21: error: ‘pthread_create’ was not declared in this scope
   27 |                     pthread_create (&thread[ i ], 0, &setThreadNumber, (void *) &num[ i ]);
      |                     ^~~~~~~~~~~~~~
/home/anne/Masterarbeit/duneuro/build-release/test_localized_subtraction_eeg/CMakeFiles/CMakeTmp/src.cxx:30:35: error: ‘thread’ was not declared in this scope
   30 |                     pthread_join (thread[ i ], 0);
      |                                   ^~~~~~
/home/anne/Masterarbeit/duneuro/build-release/test_localized_subtraction_eeg/CMakeFiles/CMakeTmp/src.cxx:30:21: error: ‘pthread_join’ was not declared in this scope
   30 |                     pthread_join (thread[ i ], 0);
      |                     ^~~~~~~~~~~~
/home/anne/Masterarbeit/duneuro/build-release/test_localized_subtraction_eeg/CMakeFiles/CMakeTmp/src.cxx:33:25: error: ‘threadnumber’ was not declared in this scope; did you mean ‘threadNumber’?
   33 |                     if( threadnumber[ i ] != i ) result = 1;
      |                         ^~~~~~~~~~~~
      |                         threadNumber
gmake[1]: *** [CMakeFiles/cmTC_0f0a2.dir/build.make:78: CMakeFiles/cmTC_0f0a2.dir/src.cxx.o] Error 1
gmake[1]: Leaving directory '/home/anne/Masterarbeit/duneuro/build-release/test_localized_subtraction_eeg/CMakeFiles/CMakeTmp'
gmake: *** [Makefile:127: cmTC_0f0a2/fast] Error 2


Source file was:
include <pthread.h>
                static const int maxThreads = 2 ;
                static int& threadNumber () {
                    static __thread int tn;
                    return tn;
                }
                static int threadnumber[ maxThreads ];
                pthread_barrier_t barrier;
                static void* setThreadNumber(void *number) {
                  const int num = *((int*) number);
                  threadNumber () = num ;
                  //sleep (1);
                  threadnumber[ num ] = threadNumber ();
                  pthread_barrier_wait( &barrier );
                  return 0;
                }
                int main () {
                  pthread_t thread[ maxThreads ];
                  int num[ maxThreads ];
                  for (int i=0; i<maxThreads; ++i )
                  {
                    num[ i ] = i;
                    threadnumber[ i ] = -1;
                  }
                  pthread_barrier_init( &barrier, 0, maxThreads );
                  for( int i=0; i<maxThreads; ++ i)
                    pthread_create (&thread[ i ], 0, &setThreadNumber, (void *) &num[ i ]);

                  for( int i=0; i<maxThreads; ++ i)
                    pthread_join (thread[ i ], 0);
                  int result = 0;
                  for( int i=0; i<maxThreads; ++i )
                    if( threadnumber[ i ] != i ) result = 1;
                  return result;
                }
Could not find hdf5wrap library:
Include directory: HDF5WRAP_INCLUDE_DIR-NOTFOUND
Library directory: HDF5WRAP_LIBRARY-NOTFOUND

Determining location of Nifti failed:
Include directory: NIFTI_INCLUDE_DIR-NOTFOUND
Library directory: NIFTI_LIBRARY-NOTFOUND
Library znz directory: ZNZ_LIBRARY-NOTFOUND

Determing location of ARPACK++ failed:
Include directory: 
Libraries to link against: 

Determing location of SIONLIB failed:
Include directory: 
Library directory: 

Could not find hdf5wrap library:
Include directory: HDF5WRAP_INCLUDE_DIR-NOTFOUND
Library directory: HDF5WRAP_LIBRARY-NOTFOUND

Determining location of Nifti failed:
Include directory: NIFTI_INCLUDE_DIR-NOTFOUND
Library directory: NIFTI_LIBRARY-NOTFOUND
Library znz directory: ZNZ_LIBRARY-NOTFOUND

Determing location of ARPACK++ failed:
Include directory: 
Libraries to link against: 

Determing location of SIONLIB failed:
Include directory: 
Library directory: 

Could not find hdf5wrap library:
Include directory: HDF5WRAP_INCLUDE_DIR-NOTFOUND
Library directory: HDF5WRAP_LIBRARY-NOTFOUND

Determining location of Nifti failed:
Include directory: NIFTI_INCLUDE_DIR-NOTFOUND
Library directory: NIFTI_LIBRARY-NOTFOUND
Library znz directory: ZNZ_LIBRARY-NOTFOUND

